<?xml version="1.0" encoding="UTF-8"?>
<robot generator="Robot 3.2.1 (Python 3.8.2 on win32)" generated="20210117 20:54:07.202" rpa="false">
<suite id="s1" name="Sample" source="C:\Users\talk2\RobotFramework\FirstRobotProject\BasicTests\Sample.robot">
<test id="s1-t1" name="My First Test">
<kw name="Open Browser" library="SeleniumLibrary">
<doc>Opens a new browser instance to the optional ``url``.</doc>
<arguments>
<arg>https://www.google.com</arg>
<arg>chrome</arg>
</arguments>
<msg timestamp="20210117 20:54:07.405" level="INFO">Opening browser 'chrome' to base url 'https://www.google.com'.</msg>
<status status="PASS" starttime="20210117 20:54:07.405" endtime="20210117 20:54:24.471"></status>
</kw>
<kw name="Maximize Browser Window" library="SeleniumLibrary">
<doc>Maximizes current browser window.</doc>
<status status="PASS" starttime="20210117 20:54:24.472" endtime="20210117 20:54:26.620"></status>
</kw>
<kw name="Sleep" library="BuiltIn">
<doc>Pauses the test executed for the given time.</doc>
<arguments>
<arg>5s</arg>
</arguments>
<msg timestamp="20210117 20:54:31.633" level="INFO">Slept 5 seconds</msg>
<status status="PASS" starttime="20210117 20:54:26.620" endtime="20210117 20:54:31.633"></status>
</kw>
<kw name="Close Browser" library="SeleniumLibrary">
<doc>Closes the current browser.</doc>
<status status="PASS" starttime="20210117 20:54:31.633" endtime="20210117 20:54:44.148"></status>
</kw>
<doc>This is for first Test Case</doc>
<tags>
<tag>Smoke</tag>
</tags>
<status status="PASS" starttime="20210117 20:54:07.405" endtime="20210117 20:54:44.148" critical="yes"></status>
</test>
<doc>This is to test my Robot Framework</doc>
<status status="PASS" starttime="20210117 20:54:07.202" endtime="20210117 20:54:44.148"></status>
</suite>
<statistics>
<total>
<stat pass="1" fail="0">Critical Tests</stat>
<stat pass="1" fail="0">All Tests</stat>
</total>
<tag>
<stat pass="1" fail="0">Smoke</stat>
</tag>
<suite>
<stat pass="1" fail="0" id="s1" name="Sample">Sample</stat>
</suite>
</statistics>
<errors>
</errors>
</robot>
