<?xml version="1.0" encoding="UTF-8"?>
<robot generator="Robot 3.2.1 (Python 3.8.2 on win32)" generated="20200507 11:37:03.023" rpa="false">
<suite id="s1" name="First" source="C:\Users\talk2\RobotFramework\FirstRobotProject\First.robot">
<test id="s1-t1" name="MyFirstTest">
<kw name="Log" library="BuiltIn">
<doc>Logs the given message with the given level.</doc>
<arguments>
<arg>Hello World...</arg>
</arguments>
<msg timestamp="20200507 11:37:03.246" level="INFO">Hello World...</msg>
<status status="PASS" starttime="20200507 11:37:03.246" endtime="20200507 11:37:03.246"></status>
</kw>
<status status="PASS" starttime="20200507 11:37:03.246" endtime="20200507 11:37:03.246" critical="yes"></status>
</test>
<test id="s1-t2" name="FirstBrowserTest">
<kw name="Log" library="BuiltIn">
<doc>Logs the given message with the given level.</doc>
<arguments>
<arg>This is my Second TestCase</arg>
</arguments>
<msg timestamp="20200507 11:37:03.246" level="INFO">This is my Second TestCase</msg>
<status status="PASS" starttime="20200507 11:37:03.246" endtime="20200507 11:37:03.246"></status>
</kw>
<kw name="Open Browser" library="SeleniumLibrary">
<doc>Opens a new browser instance to the optional ``url``.</doc>
<arguments>
<arg>https://www.google.com</arg>
<arg>Chrome</arg>
</arguments>
<msg timestamp="20200507 11:37:03.246" level="INFO">Opening browser 'Chrome' to base url 'https://www.google.com'.</msg>
<status status="PASS" starttime="20200507 11:37:03.246" endtime="20200507 11:37:10.333"></status>
</kw>
<kw name="Maximize Browser Window" library="SeleniumLibrary">
<doc>Maximizes current browser window.</doc>
<status status="PASS" starttime="20200507 11:37:10.333" endtime="20200507 11:37:12.451"></status>
</kw>
<kw name="Close Browser" library="SeleniumLibrary">
<doc>Closes the current browser.</doc>
<status status="PASS" starttime="20200507 11:37:12.452" endtime="20200507 11:37:16.521"></status>
</kw>
<status status="PASS" starttime="20200507 11:37:03.246" endtime="20200507 11:37:16.521" critical="yes"></status>
</test>
<status status="PASS" starttime="20200507 11:37:03.039" endtime="20200507 11:37:16.521"></status>
</suite>
<statistics>
<total>
<stat pass="2" fail="0">Critical Tests</stat>
<stat pass="2" fail="0">All Tests</stat>
</total>
<tag>
</tag>
<suite>
<stat pass="2" fail="0" id="s1" name="First">First</stat>
</suite>
</statistics>
<errors>
</errors>
</robot>
